[33mWARNING[0m:  [13-04-2026 10:24:46] chroma_server_nofile is set to 65535, but this is less than current soft limit of 1048575. chroma_server_nofile will not be set.
[32mINFO[0m:     [13-04-2026 10:24:46] Anonymized telemetry enabled. See                     https://docs.trychroma.com/telemetry for more information.
[36mDEBUG[0m:    [13-04-2026 10:24:46] Starting component System
[36mDEBUG[0m:    [13-04-2026 10:24:46] Starting component OpenTelemetryClient
[36mDEBUG[0m:    [13-04-2026 10:24:46] Starting component SqliteDB
[36mDEBUG[0m:    [13-04-2026 10:24:46] Starting component QuotaEnforcer
[36mDEBUG[0m:    [13-04-2026 10:24:46] Starting component Posthog
[36mDEBUG[0m:    [13-04-2026 10:24:46] Starting component LocalSegmentManager
[36mDEBUG[0m:    [13-04-2026 10:24:46] Starting component SegmentAPI
[31mERROR[0m:    [13-04-2026 10:24:46] Failed to send telemetry event ServerStartEvent: capture() takes 1 positional argument but 3 were given
[32mINFO[0m:     [13-04-2026 10:24:46] Started server process [[36m92115[0m]
[32mINFO[0m:     [13-04-2026 10:24:46] Waiting for application startup.
[32mINFO[0m:     [13-04-2026 10:24:46] Application startup complete.
[31mERROR[0m:    [13-04-2026 10:24:46] [Errno 48] error while attempting to bind on address ('127.0.0.1', 8000): address already in use
[32mINFO[0m:     [13-04-2026 10:24:46] Waiting for application shutdown.
[36mDEBUG[0m:    [13-04-2026 10:24:46] Stopping component System
[36mDEBUG[0m:    [13-04-2026 10:24:46] Stopping component SegmentAPI
[36mDEBUG[0m:    [13-04-2026 10:24:46] Stopping component LocalSegmentManager
[36mDEBUG[0m:    [13-04-2026 10:24:46] Stopping component Posthog
[36mDEBUG[0m:    [13-04-2026 10:24:46] Stopping component QuotaEnforcer
[36mDEBUG[0m:    [13-04-2026 10:24:46] Stopping component SqliteDB
[36mDEBUG[0m:    [13-04-2026 10:24:46] Stopping component OpenTelemetryClient
[32mINFO[0m:     [13-04-2026 10:24:46] Application shutdown complete.
[33mWARNING[0m:  [13-04-2026 11:05:54] chroma_server_nofile is set to 65535, but this is less than current soft limit of 1048575. chroma_server_nofile will not be set.
[32mINFO[0m:     [13-04-2026 11:05:54] Anonymized telemetry enabled. See                     https://docs.trychroma.com/telemetry for more information.
[36mDEBUG[0m:    [13-04-2026 11:05:54] Starting component System
[36mDEBUG[0m:    [13-04-2026 11:05:54] Starting component OpenTelemetryClient
[36mDEBUG[0m:    [13-04-2026 11:05:54] Starting component SqliteDB
[36mDEBUG[0m:    [13-04-2026 11:05:54] Starting component QuotaEnforcer
[36mDEBUG[0m:    [13-04-2026 11:05:54] Starting component Posthog
[36mDEBUG[0m:    [13-04-2026 11:05:54] Starting component LocalSegmentManager
[36mDEBUG[0m:    [13-04-2026 11:05:54] Starting component SegmentAPI
[31mERROR[0m:    [13-04-2026 11:05:54] Failed to send telemetry event ServerStartEvent: capture() takes 1 positional argument but 3 were given
[32mINFO[0m:     [13-04-2026 11:05:54] Started server process [[36m8828[0m]
[32mINFO[0m:     [13-04-2026 11:05:54] Waiting for application startup.
[32mINFO[0m:     [13-04-2026 11:05:54] Application startup complete.
[32mINFO[0m:     [13-04-2026 11:05:54] Uvicorn running on [1mhttp://localhost:8000[0m (Press CTRL+C to quit)
[32mINFO[0m:     [13-04-2026 11:05:56] Shutting down
[32mINFO[0m:     [13-04-2026 11:05:56] Waiting for application shutdown.
[36mDEBUG[0m:    [13-04-2026 11:05:56] Stopping component System
[36mDEBUG[0m:    [13-04-2026 11:05:56] Stopping component SegmentAPI
[36mDEBUG[0m:    [13-04-2026 11:05:56] Stopping component LocalSegmentManager
[36mDEBUG[0m:    [13-04-2026 11:05:56] Stopping component Posthog
[36mDEBUG[0m:    [13-04-2026 11:05:56] Stopping component QuotaEnforcer
[36mDEBUG[0m:    [13-04-2026 11:05:56] Stopping component SqliteDB
[36mDEBUG[0m:    [13-04-2026 11:05:56] Stopping component OpenTelemetryClient
[32mINFO[0m:     [13-04-2026 11:05:56] Application shutdown complete.
[32mINFO[0m:     [13-04-2026 11:05:56] Finished server process [[36m8828[0m]
[33mWARNING[0m:  [13-04-2026 11:07:42] chroma_server_nofile is set to 65535, but this is less than current soft limit of 1048575. chroma_server_nofile will not be set.
[32mINFO[0m:     [13-04-2026 11:07:42] Anonymized telemetry enabled. See                     https://docs.trychroma.com/telemetry for more information.
[36mDEBUG[0m:    [13-04-2026 11:07:42] Starting component System
[36mDEBUG[0m:    [13-04-2026 11:07:42] Starting component OpenTelemetryClient
[36mDEBUG[0m:    [13-04-2026 11:07:42] Starting component SqliteDB
[36mDEBUG[0m:    [13-04-2026 11:07:42] Starting component QuotaEnforcer
[36mDEBUG[0m:    [13-04-2026 11:07:42] Starting component Posthog
[36mDEBUG[0m:    [13-04-2026 11:07:42] Starting component LocalSegmentManager
[36mDEBUG[0m:    [13-04-2026 11:07:42] Starting component SegmentAPI
[31mERROR[0m:    [13-04-2026 11:07:42] Failed to send telemetry event ServerStartEvent: capture() takes 1 positional argument but 3 were given
[32mINFO[0m:     [13-04-2026 11:07:42] Started server process [[36m9638[0m]
[32mINFO[0m:     [13-04-2026 11:07:42] Waiting for application startup.
[32mINFO[0m:     [13-04-2026 11:07:42] Application startup complete.
[31mERROR[0m:    [13-04-2026 11:07:42] [Errno 48] error while attempting to bind on address ('127.0.0.1', 8001): address already in use
[32mINFO[0m:     [13-04-2026 11:07:42] Waiting for application shutdown.
[36mDEBUG[0m:    [13-04-2026 11:07:42] Stopping component System
[36mDEBUG[0m:    [13-04-2026 11:07:42] Stopping component SegmentAPI
[36mDEBUG[0m:    [13-04-2026 11:07:42] Stopping component LocalSegmentManager
[36mDEBUG[0m:    [13-04-2026 11:07:42] Stopping component Posthog
[36mDEBUG[0m:    [13-04-2026 11:07:42] Stopping component QuotaEnforcer
[36mDEBUG[0m:    [13-04-2026 11:07:42] Stopping component SqliteDB
[36mDEBUG[0m:    [13-04-2026 11:07:42] Stopping component OpenTelemetryClient
[32mINFO[0m:     [13-04-2026 11:07:42] Application shutdown complete.
[33mWARNING[0m:  [13-04-2026 11:08:15] chroma_server_nofile is set to 65535, but this is less than current soft limit of 1048575. chroma_server_nofile will not be set.
[32mINFO[0m:     [13-04-2026 11:08:15] Anonymized telemetry enabled. See                     https://docs.trychroma.com/telemetry for more information.
[36mDEBUG[0m:    [13-04-2026 11:08:15] Starting component System
[36mDEBUG[0m:    [13-04-2026 11:08:15] Starting component OpenTelemetryClient
[36mDEBUG[0m:    [13-04-2026 11:08:15] Starting component SqliteDB
[36mDEBUG[0m:    [13-04-2026 11:08:15] Starting component QuotaEnforcer
[36mDEBUG[0m:    [13-04-2026 11:08:15] Starting component Posthog
[36mDEBUG[0m:    [13-04-2026 11:08:15] Starting component LocalSegmentManager
[36mDEBUG[0m:    [13-04-2026 11:08:15] Starting component SegmentAPI
[31mERROR[0m:    [13-04-2026 11:08:15] Failed to send telemetry event ServerStartEvent: capture() takes 1 positional argument but 3 were given
[32mINFO[0m:     [13-04-2026 11:08:15] Started server process [[36m10102[0m]
[32mINFO[0m:     [13-04-2026 11:08:15] Waiting for application startup.
[32mINFO[0m:     [13-04-2026 11:08:15] Application startup complete.
[32mINFO[0m:     [13-04-2026 11:08:15] Uvicorn running on [1mhttp://localhost:8002[0m (Press CTRL+C to quit)
[32mINFO[0m:     [13-04-2026 11:08:49] ::1:55497 - "GET /api/v1/tenants/default_tenant HTTP/1.1" 200
[32mINFO[0m:     [13-04-2026 11:08:49] ::1:55497 - "GET /api/v1/databases/default_database?tenant=default_tenant HTTP/1.1" 200
[31mERROR[0m:    [13-04-2026 11:08:49] Failed to send telemetry event ClientCreateCollectionEvent: capture() takes 1 positional argument but 3 were given
[32mINFO[0m:     [13-04-2026 11:08:49] ::1:55498 - "POST /api/v1/collections?tenant=default_tenant&database=default_database HTTP/1.1" 200
[32mINFO[0m:     [13-04-2026 11:08:51] ::1:55498 - "GET /api/v1/pre-flight-checks HTTP/1.1" 200
[36mDEBUG[0m:    [13-04-2026 11:08:51] Starting component PersistentLocalHnswSegment
[32mINFO[0m:     [13-04-2026 11:08:51] ::1:55498 - "POST /api/v1/collections/86a42d28-ac05-446d-b860-787e0486ab46/upsert HTTP/1.1" 200
[32mINFO[0m:     [13-04-2026 11:08:51] ::1:55498 - "POST /api/v1/collections/86a42d28-ac05-446d-b860-787e0486ab46/upsert HTTP/1.1" 200
[32mINFO[0m:     [13-04-2026 11:08:53] ::1:55498 - "POST /api/v1/collections/86a42d28-ac05-446d-b860-787e0486ab46/upsert HTTP/1.1" 200
[32mINFO[0m:     [13-04-2026 11:08:53] ::1:55498 - "POST /api/v1/collections/86a42d28-ac05-446d-b860-787e0486ab46/upsert HTTP/1.1" 200
[32mINFO[0m:     [13-04-2026 11:08:53] ::1:55498 - "POST /api/v1/collections/86a42d28-ac05-446d-b860-787e0486ab46/upsert HTTP/1.1" 200
[32mINFO[0m:     [13-04-2026 11:08:53] ::1:55498 - "POST /api/v1/collections/86a42d28-ac05-446d-b860-787e0486ab46/upsert HTTP/1.1" 200
[32mINFO[0m:     [13-04-2026 11:08:54] ::1:55498 - "POST /api/v1/collections/86a42d28-ac05-446d-b860-787e0486ab46/upsert HTTP/1.1" 200
[32mINFO[0m:     [13-04-2026 11:08:54] ::1:55498 - "POST /api/v1/collections/86a42d28-ac05-446d-b860-787e0486ab46/upsert HTTP/1.1" 200
[32mINFO[0m:     [13-04-2026 11:08:54] ::1:55498 - "POST /api/v1/collections/86a42d28-ac05-446d-b860-787e0486ab46/upsert HTTP/1.1" 200
[32mINFO[0m:     [13-04-2026 11:09:21] ::1:55512 - "GET /api/v1/tenants/default_tenant HTTP/1.1" 200
[32mINFO[0m:     [13-04-2026 11:09:21] ::1:55512 - "GET /api/v1/databases/default_database?tenant=default_tenant HTTP/1.1" 200
[36mDEBUG[0m:    [13-04-2026 11:09:21] Collection real_estate_docs already exists, returning existing collection.
[31mERROR[0m:    [13-04-2026 11:09:21] Failed to send telemetry event ClientCreateCollectionEvent: capture() takes 1 positional argument but 3 were given
[32mINFO[0m:     [13-04-2026 11:09:21] ::1:55513 - "POST /api/v1/collections?tenant=default_tenant&database=default_database HTTP/1.1" 200
[32mINFO[0m:     [13-04-2026 11:09:22] ::1:55513 - "GET /api/v1/pre-flight-checks HTTP/1.1" 200
[32mINFO[0m:     [13-04-2026 11:09:22] ::1:55513 - "POST /api/v1/collections/86a42d28-ac05-446d-b860-787e0486ab46/upsert HTTP/1.1" 200
[32mINFO[0m:     [13-04-2026 11:09:22] ::1:55513 - "POST /api/v1/collections/86a42d28-ac05-446d-b860-787e0486ab46/upsert HTTP/1.1" 200
[32mINFO[0m:     [13-04-2026 11:09:25] ::1:55513 - "POST /api/v1/collections/86a42d28-ac05-446d-b860-787e0486ab46/upsert HTTP/1.1" 200
[32mINFO[0m:     [13-04-2026 11:09:26] ::1:55513 - "POST /api/v1/collections/86a42d28-ac05-446d-b860-787e0486ab46/upsert HTTP/1.1" 200
[32mINFO[0m:     [13-04-2026 11:09:26] ::1:55513 - "POST /api/v1/collections/86a42d28-ac05-446d-b860-787e0486ab46/upsert HTTP/1.1" 200
[32mINFO[0m:     [13-04-2026 11:09:26] ::1:55513 - "POST /api/v1/collections/86a42d28-ac05-446d-b860-787e0486ab46/upsert HTTP/1.1" 200
[32mINFO[0m:     [13-04-2026 11:09:26] ::1:55513 - "POST /api/v1/collections/86a42d28-ac05-446d-b860-787e0486ab46/upsert HTTP/1.1" 200
[32mINFO[0m:     [13-04-2026 11:09:27] ::1:55513 - "POST /api/v1/collections/86a42d28-ac05-446d-b860-787e0486ab46/upsert HTTP/1.1" 200
[32mINFO[0m:     [13-04-2026 11:09:27] ::1:55513 - "POST /api/v1/collections/86a42d28-ac05-446d-b860-787e0486ab46/upsert HTTP/1.1" 200
[32mINFO[0m:     [13-04-2026 11:10:32] ::1:55549 - "GET /api/v1/tenants/default_tenant HTTP/1.1" 200
[32mINFO[0m:     [13-04-2026 11:10:32] ::1:55549 - "GET /api/v1/databases/default_database?tenant=default_tenant HTTP/1.1" 200
[36mDEBUG[0m:    [13-04-2026 11:10:32] Collection real_estate_docs already exists, returning existing collection.
[31mERROR[0m:    [13-04-2026 11:10:32] Failed to send telemetry event ClientCreateCollectionEvent: capture() takes 1 positional argument but 3 were given
[32mINFO[0m:     [13-04-2026 11:10:32] ::1:55550 - "POST /api/v1/collections?tenant=default_tenant&database=default_database HTTP/1.1" 200
[31mERROR[0m:    [13-04-2026 11:10:33] Failed to send telemetry event CollectionQueryEvent: capture() takes 1 positional argument but 3 were given
[32mINFO[0m:     [13-04-2026 11:10:33] ::1:55550 - "POST /api/v1/collections/86a42d28-ac05-446d-b860-787e0486ab46/query HTTP/1.1" 200
[32mINFO[0m:     [13-04-2026 11:11:09] ::1:55565 - "GET /api/v1/tenants/default_tenant HTTP/1.1" 200
[32mINFO[0m:     [13-04-2026 11:11:09] ::1:55565 - "GET /api/v1/databases/default_database?tenant=default_tenant HTTP/1.1" 200
[36mDEBUG[0m:    [13-04-2026 11:11:09] Collection real_estate_docs already exists, returning existing collection.
[31mERROR[0m:    [13-04-2026 11:11:09] Failed to send telemetry event ClientCreateCollectionEvent: capture() takes 1 positional argument but 3 were given
[32mINFO[0m:     [13-04-2026 11:11:09] ::1:55566 - "POST /api/v1/collections?tenant=default_tenant&database=default_database HTTP/1.1" 200
[32mINFO[0m:     [13-04-2026 11:11:10] ::1:55566 - "GET /api/v1/pre-flight-checks HTTP/1.1" 200
[32mINFO[0m:     [13-04-2026 11:11:10] ::1:55566 - "POST /api/v1/collections/86a42d28-ac05-446d-b860-787e0486ab46/upsert HTTP/1.1" 200
[32mINFO[0m:     [13-04-2026 11:11:11] ::1:55566 - "POST /api/v1/collections/86a42d28-ac05-446d-b860-787e0486ab46/upsert HTTP/1.1" 200
[32mINFO[0m:     [13-04-2026 11:11:12] ::1:55566 - "POST /api/v1/collections/86a42d28-ac05-446d-b860-787e0486ab46/upsert HTTP/1.1" 200
[32mINFO[0m:     [13-04-2026 11:11:13] ::1:55566 - "POST /api/v1/collections/86a42d28-ac05-446d-b860-787e0486ab46/upsert HTTP/1.1" 200
[32mINFO[0m:     [13-04-2026 11:11:13] ::1:55566 - "POST /api/v1/collections/86a42d28-ac05-446d-b860-787e0486ab46/upsert HTTP/1.1" 200
[32mINFO[0m:     [13-04-2026 11:11:13] ::1:55566 - "POST /api/v1/collections/86a42d28-ac05-446d-b860-787e0486ab46/upsert HTTP/1.1" 200
[32mINFO[0m:     [13-04-2026 11:11:13] ::1:55566 - "POST /api/v1/collections/86a42d28-ac05-446d-b860-787e0486ab46/upsert HTTP/1.1" 200
[32mINFO[0m:     [13-04-2026 11:11:13] ::1:55566 - "POST /api/v1/collections/86a42d28-ac05-446d-b860-787e0486ab46/upsert HTTP/1.1" 200
[32mINFO[0m:     [13-04-2026 11:11:14] ::1:55566 - "POST /api/v1/collections/86a42d28-ac05-446d-b860-787e0486ab46/upsert HTTP/1.1" 200
[32mINFO[0m:     [13-04-2026 11:11:25] ::1:55577 - "GET /api/v1/tenants/default_tenant HTTP/1.1" 200
[32mINFO[0m:     [13-04-2026 11:11:25] ::1:55577 - "GET /api/v1/databases/default_database?tenant=default_tenant HTTP/1.1" 200
[36mDEBUG[0m:    [13-04-2026 11:11:25] Collection real_estate_docs already exists, returning existing collection.
[31mERROR[0m:    [13-04-2026 11:11:25] Failed to send telemetry event ClientCreateCollectionEvent: capture() takes 1 positional argument but 3 were given
[32mINFO[0m:     [13-04-2026 11:11:25] ::1:55578 - "POST /api/v1/collections?tenant=default_tenant&database=default_database HTTP/1.1" 200
[32mINFO[0m:     [13-04-2026 11:11:26] ::1:55578 - "POST /api/v1/collections/86a42d28-ac05-446d-b860-787e0486ab46/query HTTP/1.1" 200
[32mINFO[0m:     [13-04-2026 11:12:58] ::1:55612 - "GET /api/v1/tenants/default_tenant HTTP/1.1" 200
[32mINFO[0m:     [13-04-2026 11:12:58] ::1:55612 - "GET /api/v1/databases/default_database?tenant=default_tenant HTTP/1.1" 200
[36mDEBUG[0m:    [13-04-2026 11:12:58] Collection real_estate_docs already exists, returning existing collection.
[31mERROR[0m:    [13-04-2026 11:12:58] Failed to send telemetry event ClientCreateCollectionEvent: capture() takes 1 positional argument but 3 were given
[32mINFO[0m:     [13-04-2026 11:12:58] ::1:55613 - "POST /api/v1/collections?tenant=default_tenant&database=default_database HTTP/1.1" 200
[32mINFO[0m:     [13-04-2026 11:12:59] ::1:55613 - "POST /api/v1/collections/86a42d28-ac05-446d-b860-787e0486ab46/query HTTP/1.1" 200
[32mINFO[0m:     [13-04-2026 11:32:43] ::1:55790 - "GET /api/v1/tenants/default_tenant HTTP/1.1" 200
[32mINFO[0m:     [13-04-2026 11:32:43] ::1:55790 - "GET /api/v1/databases/default_database?tenant=default_tenant HTTP/1.1" 200
[36mDEBUG[0m:    [13-04-2026 11:32:43] Collection real_estate_docs already exists, returning existing collection.
[31mERROR[0m:    [13-04-2026 11:32:43] Failed to send telemetry event ClientCreateCollectionEvent: capture() takes 1 positional argument but 3 were given
[32mINFO[0m:     [13-04-2026 11:32:43] ::1:55791 - "POST /api/v1/collections?tenant=default_tenant&database=default_database HTTP/1.1" 200
[32mINFO[0m:     [13-04-2026 11:32:45] ::1:55791 - "POST /api/v1/collections/86a42d28-ac05-446d-b860-787e0486ab46/query HTTP/1.1" 200
[32mINFO[0m:     [13-04-2026 11:33:12] ::1:55805 - "GET /api/v1/tenants/default_tenant HTTP/1.1" 200
[32mINFO[0m:     [13-04-2026 11:33:12] ::1:55805 - "GET /api/v1/databases/default_database?tenant=default_tenant HTTP/1.1" 200
[36mDEBUG[0m:    [13-04-2026 11:33:12] Collection real_estate_docs already exists, returning existing collection.
[31mERROR[0m:    [13-04-2026 11:33:12] Failed to send telemetry event ClientCreateCollectionEvent: capture() takes 1 positional argument but 3 were given
[32mINFO[0m:     [13-04-2026 11:33:12] ::1:55806 - "POST /api/v1/collections?tenant=default_tenant&database=default_database HTTP/1.1" 200
[32mINFO[0m:     [13-04-2026 11:33:12] ::1:55806 - "POST /api/v1/collections/86a42d28-ac05-446d-b860-787e0486ab46/query HTTP/1.1" 200
[32mINFO[0m:     [13-04-2026 11:35:10] Shutting down
[32mINFO[0m:     [13-04-2026 11:35:10] Waiting for application shutdown.
[36mDEBUG[0m:    [13-04-2026 11:35:10] Stopping component System
[36mDEBUG[0m:    [13-04-2026 11:35:10] Stopping component SegmentAPI
[36mDEBUG[0m:    [13-04-2026 11:35:10] Stopping component PersistentLocalHnswSegment
[36mDEBUG[0m:    [13-04-2026 11:35:10] Stopping component LocalSegmentManager
[36mDEBUG[0m:    [13-04-2026 11:35:10] Stopping component Posthog
[36mDEBUG[0m:    [13-04-2026 11:35:10] Stopping component QuotaEnforcer
[36mDEBUG[0m:    [13-04-2026 11:35:10] Stopping component SqliteDB
[36mDEBUG[0m:    [13-04-2026 11:35:10] Stopping component OpenTelemetryClient
[32mINFO[0m:     [13-04-2026 11:35:10] Application shutdown complete.
[32mINFO[0m:     [13-04-2026 11:35:10] Finished server process [[36m10102[0m]
[33mWARNING[0m:  [13-04-2026 11:38:46] chroma_server_nofile is set to 65535, but this is less than current soft limit of 1048575. chroma_server_nofile will not be set.
[32mINFO[0m:     [13-04-2026 11:38:46] Anonymized telemetry enabled. See                     https://docs.trychroma.com/telemetry for more information.
[36mDEBUG[0m:    [13-04-2026 11:38:46] Starting component System
[36mDEBUG[0m:    [13-04-2026 11:38:46] Starting component OpenTelemetryClient
[36mDEBUG[0m:    [13-04-2026 11:38:46] Starting component SqliteDB
[36mDEBUG[0m:    [13-04-2026 11:38:46] Starting component QuotaEnforcer
[36mDEBUG[0m:    [13-04-2026 11:38:46] Starting component Posthog
[36mDEBUG[0m:    [13-04-2026 11:38:46] Starting component LocalSegmentManager
[36mDEBUG[0m:    [13-04-2026 11:38:46] Starting component SegmentAPI
[31mERROR[0m:    [13-04-2026 11:38:46] Failed to send telemetry event ServerStartEvent: capture() takes 1 positional argument but 3 were given
[32mINFO[0m:     [13-04-2026 11:38:46] Started server process [[36m13471[0m]
[32mINFO[0m:     [13-04-2026 11:38:46] Waiting for application startup.
[32mINFO[0m:     [13-04-2026 11:38:46] Application startup complete.
[32mINFO[0m:     [13-04-2026 11:38:46] Uvicorn running on [1mhttp://localhost:8002[0m (Press CTRL+C to quit)
[32mINFO[0m:     [13-04-2026 11:39:06] ::1:55981 - "GET /api/v1/tenants/default_tenant HTTP/1.1" 200
[32mINFO[0m:     [13-04-2026 11:39:06] ::1:55981 - "GET /api/v1/databases/default_database?tenant=default_tenant HTTP/1.1" 200
[36mDEBUG[0m:    [13-04-2026 11:39:06] Collection real_estate_docs already exists, returning existing collection.
[31mERROR[0m:    [13-04-2026 11:39:06] Failed to send telemetry event ClientCreateCollectionEvent: capture() takes 1 positional argument but 3 were given
[32mINFO[0m:     [13-04-2026 11:39:06] ::1:55982 - "POST /api/v1/collections?tenant=default_tenant&database=default_database HTTP/1.1" 200
[32mINFO[0m:     [13-04-2026 11:39:08] ::1:55982 - "GET /api/v1/pre-flight-checks HTTP/1.1" 200
[36mDEBUG[0m:    [13-04-2026 11:39:08] Starting component PersistentLocalHnswSegment
[32mINFO[0m:     [13-04-2026 11:39:08] ::1:55982 - "POST /api/v1/collections/86a42d28-ac05-446d-b860-787e0486ab46/upsert HTTP/1.1" 200
[32mINFO[0m:     [13-04-2026 11:39:09] ::1:55982 - "POST /api/v1/collections/86a42d28-ac05-446d-b860-787e0486ab46/upsert HTTP/1.1" 200
[32mINFO[0m:     [13-04-2026 11:39:10] ::1:55982 - "POST /api/v1/collections/86a42d28-ac05-446d-b860-787e0486ab46/upsert HTTP/1.1" 200
[32mINFO[0m:     [13-04-2026 11:39:10] ::1:55982 - "POST /api/v1/collections/86a42d28-ac05-446d-b860-787e0486ab46/upsert HTTP/1.1" 200
[32mINFO[0m:     [13-04-2026 11:39:11] ::1:55982 - "POST /api/v1/collections/86a42d28-ac05-446d-b860-787e0486ab46/upsert HTTP/1.1" 200
[32mINFO[0m:     [13-04-2026 11:39:11] ::1:55982 - "POST /api/v1/collections/86a42d28-ac05-446d-b860-787e0486ab46/upsert HTTP/1.1" 200
[32mINFO[0m:     [13-04-2026 11:39:11] ::1:55982 - "POST /api/v1/collections/86a42d28-ac05-446d-b860-787e0486ab46/upsert HTTP/1.1" 200
[32mINFO[0m:     [13-04-2026 11:39:11] ::1:55982 - "POST /api/v1/collections/86a42d28-ac05-446d-b860-787e0486ab46/upsert HTTP/1.1" 200
[32mINFO[0m:     [13-04-2026 11:39:11] ::1:55982 - "POST /api/v1/collections/86a42d28-ac05-446d-b860-787e0486ab46/upsert HTTP/1.1" 200
[32mINFO[0m:     [13-04-2026 11:39:19] ::1:55990 - "GET /api/v1/heartbeat HTTP/1.1" 200
[32mINFO[0m:     [13-04-2026 11:42:21] ::1:56076 - "GET /api/v1/tenants/default_tenant HTTP/1.1" 200
[32mINFO[0m:     [13-04-2026 11:42:21] ::1:56076 - "GET /api/v1/databases/default_database?tenant=default_tenant HTTP/1.1" 200
[36mDEBUG[0m:    [13-04-2026 11:42:21] Collection real_estate_docs already exists, returning existing collection.
[31mERROR[0m:    [13-04-2026 11:42:21] Failed to send telemetry event ClientCreateCollectionEvent: capture() takes 1 positional argument but 3 were given
[32mINFO[0m:     [13-04-2026 11:42:21] ::1:56077 - "POST /api/v1/collections?tenant=default_tenant&database=default_database HTTP/1.1" 200
[31mERROR[0m:    [13-04-2026 11:42:22] Failed to send telemetry event CollectionQueryEvent: capture() takes 1 positional argument but 3 were given
[32mINFO[0m:     [13-04-2026 11:42:22] ::1:56077 - "POST /api/v1/collections/86a42d28-ac05-446d-b860-787e0486ab46/query HTTP/1.1" 200
[32mINFO[0m:     [13-04-2026 11:43:49] ::1:56093 - "GET /api/v1/tenants/default_tenant HTTP/1.1" 200
[32mINFO[0m:     [13-04-2026 11:43:49] ::1:56093 - "GET /api/v1/databases/default_database?tenant=default_tenant HTTP/1.1" 200
[36mDEBUG[0m:    [13-04-2026 11:43:49] Collection real_estate_docs already exists, returning existing collection.
[31mERROR[0m:    [13-04-2026 11:43:49] Failed to send telemetry event ClientCreateCollectionEvent: capture() takes 1 positional argument but 3 were given
[32mINFO[0m:     [13-04-2026 11:43:49] ::1:56094 - "POST /api/v1/collections?tenant=default_tenant&database=default_database HTTP/1.1" 200
[32mINFO[0m:     [13-04-2026 11:43:50] ::1:56094 - "GET /api/v1/pre-flight-checks HTTP/1.1" 200
[32mINFO[0m:     [13-04-2026 11:43:50] ::1:56094 - "POST /api/v1/collections/86a42d28-ac05-446d-b860-787e0486ab46/upsert HTTP/1.1" 200
[32mINFO[0m:     [13-04-2026 11:43:51] ::1:56094 - "POST /api/v1/collections/86a42d28-ac05-446d-b860-787e0486ab46/upsert HTTP/1.1" 200
[32mINFO[0m:     [13-04-2026 11:43:52] ::1:56094 - "POST /api/v1/collections/86a42d28-ac05-446d-b860-787e0486ab46/upsert HTTP/1.1" 200
[32mINFO[0m:     [13-04-2026 11:43:52] ::1:56094 - "POST /api/v1/collections/86a42d28-ac05-446d-b860-787e0486ab46/upsert HTTP/1.1" 200
[32mINFO[0m:     [13-04-2026 11:43:52] ::1:56094 - "POST /api/v1/collections/86a42d28-ac05-446d-b860-787e0486ab46/upsert HTTP/1.1" 200
[32mINFO[0m:     [13-04-2026 11:43:53] ::1:56094 - "POST /api/v1/collections/86a42d28-ac05-446d-b860-787e0486ab46/upsert HTTP/1.1" 200
[32mINFO[0m:     [13-04-2026 11:43:53] ::1:56094 - "POST /api/v1/collections/86a42d28-ac05-446d-b860-787e0486ab46/upsert HTTP/1.1" 200
[32mINFO[0m:     [13-04-2026 11:43:53] ::1:56094 - "POST /api/v1/collections/86a42d28-ac05-446d-b860-787e0486ab46/upsert HTTP/1.1" 200
[32mINFO[0m:     [13-04-2026 11:43:53] ::1:56094 - "POST /api/v1/collections/86a42d28-ac05-446d-b860-787e0486ab46/upsert HTTP/1.1" 200
[32mINFO[0m:     [13-04-2026 11:44:03] ::1:56100 - "GET /api/v1/tenants/default_tenant HTTP/1.1" 200
[32mINFO[0m:     [13-04-2026 11:44:03] ::1:56100 - "GET /api/v1/databases/default_database?tenant=default_tenant HTTP/1.1" 200
[36mDEBUG[0m:    [13-04-2026 11:44:03] Collection real_estate_docs already exists, returning existing collection.
[31mERROR[0m:    [13-04-2026 11:44:03] Failed to send telemetry event ClientCreateCollectionEvent: capture() takes 1 positional argument but 3 were given
[32mINFO[0m:     [13-04-2026 11:44:03] ::1:56101 - "POST /api/v1/collections?tenant=default_tenant&database=default_database HTTP/1.1" 200
[32mINFO[0m:     [13-04-2026 11:44:04] ::1:56101 - "GET /api/v1/pre-flight-checks HTTP/1.1" 200
[32mINFO[0m:     [13-04-2026 11:44:04] ::1:56101 - "POST /api/v1/collections/86a42d28-ac05-446d-b860-787e0486ab46/upsert HTTP/1.1" 200
[32mINFO[0m:     [13-04-2026 11:44:05] ::1:56101 - "POST /api/v1/collections/86a42d28-ac05-446d-b860-787e0486ab46/upsert HTTP/1.1" 200
[32mINFO[0m:     [13-04-2026 11:44:06] ::1:56101 - "POST /api/v1/collections/86a42d28-ac05-446d-b860-787e0486ab46/upsert HTTP/1.1" 200
[32mINFO[0m:     [13-04-2026 11:44:07] ::1:56101 - "POST /api/v1/collections/86a42d28-ac05-446d-b860-787e0486ab46/upsert HTTP/1.1" 200
[32mINFO[0m:     [13-04-2026 11:44:07] ::1:56101 - "POST /api/v1/collections/86a42d28-ac05-446d-b860-787e0486ab46/upsert HTTP/1.1" 200
[32mINFO[0m:     [13-04-2026 11:44:07] ::1:56101 - "POST /api/v1/collections/86a42d28-ac05-446d-b860-787e0486ab46/upsert HTTP/1.1" 200
[32mINFO[0m:     [13-04-2026 11:44:07] ::1:56101 - "POST /api/v1/collections/86a42d28-ac05-446d-b860-787e0486ab46/upsert HTTP/1.1" 200
[32mINFO[0m:     [13-04-2026 11:44:07] ::1:56101 - "POST /api/v1/collections/86a42d28-ac05-446d-b860-787e0486ab46/upsert HTTP/1.1" 200
[32mINFO[0m:     [13-04-2026 11:44:07] ::1:56101 - "POST /api/v1/collections/86a42d28-ac05-446d-b860-787e0486ab46/upsert HTTP/1.1" 200
[32mINFO[0m:     [13-04-2026 11:45:21] ::1:56112 - "GET /api/v1/tenants/default_tenant HTTP/1.1" 200
[32mINFO[0m:     [13-04-2026 11:45:21] ::1:56112 - "GET /api/v1/databases/default_database?tenant=default_tenant HTTP/1.1" 200
[36mDEBUG[0m:    [13-04-2026 11:45:21] Collection real_estate_docs already exists, returning existing collection.
[31mERROR[0m:    [13-04-2026 11:45:21] Failed to send telemetry event ClientCreateCollectionEvent: capture() takes 1 positional argument but 3 were given
[32mINFO[0m:     [13-04-2026 11:45:21] ::1:56113 - "POST /api/v1/collections?tenant=default_tenant&database=default_database HTTP/1.1" 200
[32mINFO[0m:     [13-04-2026 11:45:21] ::1:56113 - "POST /api/v1/collections/86a42d28-ac05-446d-b860-787e0486ab46/query HTTP/1.1" 200
[32mINFO[0m:     [13-04-2026 11:45:46] ::1:56124 - "GET /api/v1/tenants/default_tenant HTTP/1.1" 200
[32mINFO[0m:     [13-04-2026 11:45:46] ::1:56124 - "GET /api/v1/databases/default_database?tenant=default_tenant HTTP/1.1" 200
[36mDEBUG[0m:    [13-04-2026 11:45:46] Collection real_estate_docs already exists, returning existing collection.
[31mERROR[0m:    [13-04-2026 11:45:46] Failed to send telemetry event ClientCreateCollectionEvent: capture() takes 1 positional argument but 3 were given
[32mINFO[0m:     [13-04-2026 11:45:46] ::1:56125 - "POST /api/v1/collections?tenant=default_tenant&database=default_database HTTP/1.1" 200
[32mINFO[0m:     [13-04-2026 11:45:47] ::1:56125 - "POST /api/v1/collections/86a42d28-ac05-446d-b860-787e0486ab46/query HTTP/1.1" 200
[32mINFO[0m:     [13-04-2026 11:46:04] ::1:56135 - "GET /api/v1/tenants/default_tenant HTTP/1.1" 200
[32mINFO[0m:     [13-04-2026 11:46:04] ::1:56135 - "GET /api/v1/databases/default_database?tenant=default_tenant HTTP/1.1" 200
[36mDEBUG[0m:    [13-04-2026 11:46:04] Collection real_estate_docs already exists, returning existing collection.
[31mERROR[0m:    [13-04-2026 11:46:04] Failed to send telemetry event ClientCreateCollectionEvent: capture() takes 1 positional argument but 3 were given
[32mINFO[0m:     [13-04-2026 11:46:04] ::1:56136 - "POST /api/v1/collections?tenant=default_tenant&database=default_database HTTP/1.1" 200
[32mINFO[0m:     [13-04-2026 11:46:05] ::1:56136 - "POST /api/v1/collections/86a42d28-ac05-446d-b860-787e0486ab46/query HTTP/1.1" 200
[32mINFO[0m:     [13-04-2026 11:46:35] ::1:56146 - "GET /api/v1/tenants/default_tenant HTTP/1.1" 200
[32mINFO[0m:     [13-04-2026 11:46:35] ::1:56146 - "GET /api/v1/databases/default_database?tenant=default_tenant HTTP/1.1" 200
[36mDEBUG[0m:    [13-04-2026 11:46:35] Collection real_estate_docs already exists, returning existing collection.
[31mERROR[0m:    [13-04-2026 11:46:35] Failed to send telemetry event ClientCreateCollectionEvent: capture() takes 1 positional argument but 3 were given
[32mINFO[0m:     [13-04-2026 11:46:35] ::1:56147 - "POST /api/v1/collections?tenant=default_tenant&database=default_database HTTP/1.1" 200
[32mINFO[0m:     [13-04-2026 11:46:36] ::1:56147 - "POST /api/v1/collections/86a42d28-ac05-446d-b860-787e0486ab46/query HTTP/1.1" 200
[32mINFO[0m:     [13-04-2026 11:47:11] ::1:56166 - "GET /api/v1/tenants/default_tenant HTTP/1.1" 200
[32mINFO[0m:     [13-04-2026 11:47:11] ::1:56166 - "GET /api/v1/databases/default_database?tenant=default_tenant HTTP/1.1" 200
[36mDEBUG[0m:    [13-04-2026 11:47:11] Collection real_estate_docs already exists, returning existing collection.
[31mERROR[0m:    [13-04-2026 11:47:11] Failed to send telemetry event ClientCreateCollectionEvent: capture() takes 1 positional argument but 3 were given
[32mINFO[0m:     [13-04-2026 11:47:11] ::1:56167 - "POST /api/v1/collections?tenant=default_tenant&database=default_database HTTP/1.1" 200
[32mINFO[0m:     [13-04-2026 11:47:11] ::1:56167 - "POST /api/v1/collections/86a42d28-ac05-446d-b860-787e0486ab46/query HTTP/1.1" 200
